Project-Plaro-cpk/build/app/intermediates/manifest_merge_blame_file/debug/processDebugMainManifest/manifest-merger-blame-debug-report.txt
1<?xml version="1.0" encoding="utf-8"?>
2<manifest xmlns:android="http://schemas.android.com/apk/res/android"
3    package="com.example.plaro_3"
4    android:versionCode="1"
5    android:versionName="1.0.0" >
6
7    <uses-sdk
8        android:minSdkVersion="21"
9        android:targetSdkVersion="35" />
10    <!--
11         The INTERNET permission is required for development. Specifically,
12         the Flutter tool needs it to communicate with the running application
13         to allow setting breakpoints, to provide hot reload, etc.
14    -->
15    <uses-permission android:name="android.permission.INTERNET" />
15-->src\main\AndroidManifest.xml:2:5-66
15-->src\main\AndroidManifest.xml:2:22-64
16    <uses-permission android:name="android.permission.ACCESS_FINE_LOCATION" />
16-->src\main\AndroidManifest.xml:3:5-79
16-->src\main\AndroidManifest.xml:3:22-76
17    <uses-permission android:name="android.permission.ACCESS_COARSE_LOCATION" />
17-->src\main\AndroidManifest.xml:4:5-81
17-->src\main\AndroidManifest.xml:4:22-78
18    <!--
19 Required to query activities that can process text, see:
20         https://developer.android.com/training/package-visibility and
21         https://developer.android.com/reference/android/content/Intent#ACTION_PROCESS_TEXT.
22
23         In particular, this is used by the Flutter engine in io.flutter.plugin.text.ProcessTextPlugin.
24    -->
25    <queries>
25-->src\main\AndroidManifest.xml:67:5-72:15
26        <intent>
26-->src\main\AndroidManifest.xml:68:9-71:18
27            <action android:name="android.intent.action.PROCESS_TEXT" />
27-->src\main\AndroidManifest.xml:69:13-72
27-->src\main\AndroidManifest.xml:69:21-70
28
29            <data android:mimeType="text/plain" />
29-->src\main\AndroidManifest.xml:70:13-50
29-->src\main\AndroidManifest.xml:70:19-48
30        </intent>
31        <intent>
31-->[:file_picker] AndroidManifest.xml:8:9-12:18
32            <action android:name="android.intent.action.GET_CONTENT" />
32-->[:file_picker] AndroidManifest.xml:9:13-72
32-->[:file_picker] AndroidManifest.xml:9:21-69
33
34            <data android:mimeType="*/*" />
34-->src\main\AndroidManifest.xml:70:13-50
34-->src\main\AndroidManifest.xml:70:19-48
35        </intent> <!-- Needs to be explicitly declared on Android R+ -->
36        <package android:name="com.google.android.apps.maps" />
36-->[com.google.android.gms:play-services-maps:19.2.0] AndroidManifest.xml:29:7-61
36-->[com.google.android.gms:play-services-maps:19.2.0] AndroidManifest.xml:29:16-59
37    </queries> <!-- Include required permissions for Google Maps API to run. -->
38    <uses-permission android:name="android.permission.ACCESS_NETWORK_STATE" />
38-->[com.google.android.gms:play-services-maps:19.2.0] AndroidManifest.xml:20:5-78
38-->[com.google.android.gms:play-services-maps:19.2.0] AndroidManifest.xml:20:22-76
39
40    <uses-feature
40-->[com.google.android.gms:play-services-maps:19.2.0] AndroidManifest.xml:22:5-24:33
41        android:glEsVersion="0x00020000"
41-->[com.google.android.gms:play-services-maps:19.2.0] AndroidManifest.xml:23:8-40
42        android:required="true" />
42-->[com.google.android.gms:play-services-maps:19.2.0] AndroidManifest.xml:24:8-31
43
44    <permission
44-->[androidx.core:core:1.13.1] AndroidManifest.xml:22:5-24:47
45        android:name="com.example.plaro_3.DYNAMIC_RECEIVER_NOT_EXPORTED_PERMISSION"
45-->[androidx.core:core:1.13.1] AndroidManifest.xml:23:9-81
46        android:protectionLevel="signature" />
46-->[androidx.core:core:1.13.1] AndroidManifest.xml:24:9-44
47
48    <uses-permission android:name="com.example.plaro_3.DYNAMIC_RECEIVER_NOT_EXPORTED_PERMISSION" />
48-->[androidx.core:core:1.13.1] AndroidManifest.xml:26:5-97
48-->[androidx.core:core:1.13.1] AndroidManifest.xml:26:22-94
49
50    <application
51        android:name="android.app.Application"
52        android:appComponentFactory="androidx.core.app.CoreComponentFactory"
52-->[androidx.core:core:1.13.1] AndroidManifest.xml:28:18-86
53        android:debuggable="true"
54        android:extractNativeLibs="true"
55        android:icon="@mipmap/ic_launcher"
56        android:label="plaro_3" >
57        <meta-data
58            android:name="com.google.android.gms.version"
59            android:value="@integer/google_play_services_version" />
60
61        <activity
62            android:name="com.supabase.flutter.SupabaseDeepLinkingActivity"
63            android:exported="true"
64            android:launchMode="singleTop" >
65            <intent-filter>
66                <action android:name="android.intent.action.VIEW" />
67
68                <category android:name="android.intent.category.DEFAULT" />
69                <category android:name="android.intent.category.BROWSABLE" />
70
71                <data
71-->src\main\AndroidManifest.xml:70:13-50
72                    android:host="login-callback"
73                    android:scheme="io.supabase.flutter" />
74            </intent-filter>
75        </activity>
76        <activity
77            android:name="com.example.plaro_3.MainActivity"
78            android:configChanges="orientation|keyboardHidden|keyboard|screenSize|smallestScreenSize|locale|layoutDirection|fontScale|screenLayout|density|uiMode"
79            android:exported="true"
80            android:hardwareAccelerated="true"
81            android:launchMode="singleTop"
82            android:taskAffinity=""
83            android:theme="@style/LaunchTheme"
84            android:windowSoftInputMode="adjustResize" >
85
86            <!--
87                 Specifies an Android theme to apply to this Activity as soon as
88                 the Android process has started. This theme is visible to the user
89                 while the Flutter UI initializes. After that, this theme continues
90                 to determine the Window background behind the Flutter UI.
91            -->
92            <meta-data
93                android:name="io.flutter.embedding.android.NormalTheme"
94                android:resource="@style/NormalTheme" />
95
96            <intent-filter>
97                <action android:name="android.intent.action.MAIN" />
98
99                <category android:name="android.intent.category.LAUNCHER" />
100            </intent-filter>
101        </activity>
102        <!--
103             Don't delete the meta-data below.
104             This is used by the Flutter tool to generate GeneratedPluginRegistrant.java
105        -->
106        <meta-data
107            android:name="flutterEmbedding"
108            android:value="2" />
109        <meta-data
110            android:name="com.google.android.geo.API_KEY"
111            android:value="AIzaSyCbmzeNx21EYYwuZNEV2l7stvQALHtDP68" />
112
113        <!--
114           Declares a provider which allows us to store files to share in
115           '.../caches/share_plus' and grant the receiving action access
116        -->
117        <provider
117-->[:share_plus] AndroidManifest.xml:13:9-21:20
118            android:name="dev.fluttercommunity.plus.share.ShareFileProvider"
118-->[:share_plus] AndroidManifest.xml:14:13-77
119            android:authorities="com.example.plaro_3.flutter.share_provider"
119-->[:share_plus] AndroidManifest.xml:15:13-74
120            android:exported="false"
120-->[:share_plus] AndroidManifest.xml:16:13-37
121            android:grantUriPermissions="true" >
121-->[:share_plus] AndroidManifest.xml:17:13-47
122            <meta-data
122-->[:share_plus] AndroidManifest.xml:18:13-20:68
123                android:name="android.support.FILE_PROVIDER_PATHS"
123-->[:share_plus] AndroidManifest.xml:19:17-67
124                android:resource="@xml/flutter_share_file_paths" />
124-->[:share_plus] AndroidManifest.xml:20:17-65
125        </provider>
126        <!--
127           This manifest declared broadcast receiver allows us to use an explicit
128           Intent when creating a PendingItent to be informed of the user's choice
129        -->
130        <receiver
130-->[:share_plus] AndroidManifest.xml:26:9-32:20
131            android:name="dev.fluttercommunity.plus.share.SharePlusPendingIntent"
131-->[:share_plus] AndroidManifest.xml:27:13-82
132            android:exported="false" >
132-->[:share_plus] AndroidManifest.xml:28:13-37
133            <intent-filter>
133-->[:share_plus] AndroidManifest.xml:29:13-31:29
134                <action android:name="EXTRA_CHOSEN_COMPONENT" />
134-->[:share_plus] AndroidManifest.xml:30:17-65
134-->[:share_plus] AndroidManifest.xml:30:25-62
135            </intent-filter>
136        </receiver>
137
138        <provider
138-->[:image_picker_android] AndroidManifest.xml:9:9-17:20
139            android:name="io.flutter.plugins.imagepicker.ImagePickerFileProvider"
139-->[:image_picker_android] AndroidManifest.xml:10:13-82
140            android:authorities="com.example.plaro_3.flutter.image_provider"
140-->[:image_picker_android] AndroidManifest.xml:11:13-74
141            android:exported="false"
141-->[:image_picker_android] AndroidManifest.xml:12:13-37
142            android:grantUriPermissions="true" >
142-->[:image_picker_android] AndroidManifest.xml:13:13-47
143            <meta-data
143-->[:share_plus] AndroidManifest.xml:18:13-20:68
144                android:name="android.support.FILE_PROVIDER_PATHS"
144-->[:share_plus] AndroidManifest.xml:19:17-67
145                android:resource="@xml/flutter_image_picker_file_paths" />
145-->[:share_plus] AndroidManifest.xml:20:17-65
146        </provider> <!-- Trigger Google Play services to install the backported photo picker module. -->
147        <service
147-->[:image_picker_android] AndroidManifest.xml:19:9-31:19
148            android:name="com.google.android.gms.metadata.ModuleDependencies"
148-->[:image_picker_android] AndroidManifest.xml:20:13-78
149            android:enabled="false"
149-->[:image_picker_android] AndroidManifest.xml:21:13-36
150            android:exported="false" >
150-->[:image_picker_android] AndroidManifest.xml:22:13-37
151            <intent-filter>
151-->[:image_picker_android] AndroidManifest.xml:24:13-26:29
152                <action android:name="com.google.android.gms.metadata.MODULE_DEPENDENCIES" />
152-->[:image_picker_android] AndroidManifest.xml:25:17-94
152-->[:image_picker_android] AndroidManifest.xml:25:25-91
153            </intent-filter>
154
155            <meta-data
155-->[:image_picker_android] AndroidManifest.xml:28:13-30:36
156                android:name="photopicker_activity:0:required"
156-->[:image_picker_android] AndroidManifest.xml:29:17-63
157                android:value="" />
157-->[:image_picker_android] AndroidManifest.xml:30:17-33
158        </service>
159
160        <activity
160-->[:url_launcher_android] AndroidManifest.xml:8:9-11:74
161            android:name="io.flutter.plugins.urllauncher.WebViewActivity"
161-->[:url_launcher_android] AndroidManifest.xml:9:13-74
162            android:exported="false"
162-->[:url_launcher_android] AndroidManifest.xml:10:13-37
163            android:theme="@android:style/Theme.NoTitleBar.Fullscreen" /> <!-- Needs to be explicitly declared on P+ -->
163-->[:url_launcher_android] AndroidManifest.xml:11:13-71
164        <uses-library
164-->[com.google.android.gms:play-services-maps:19.2.0] AndroidManifest.xml:33:7-86
165            android:name="org.apache.http.legacy"
165-->[com.google.android.gms:play-services-maps:19.2.0] AndroidManifest.xml:33:21-58
166            android:required="false" />
166-->[com.google.android.gms:play-services-maps:19.2.0] AndroidManifest.xml:33:59-83
167
168        <activity
168-->[com.google.android.gms:play-services-auth:21.0.0] AndroidManifest.xml:23:9-27:75
169            android:name="com.google.android.gms.auth.api.signin.internal.SignInHubActivity"
169-->[com.google.android.gms:play-services-auth:21.0.0] AndroidManifest.xml:24:13-93
170            android:excludeFromRecents="true"
170-->[com.google.android.gms:play-services-auth:21.0.0] AndroidManifest.xml:25:13-46
171            android:exported="false"
171-->[com.google.android.gms:play-services-auth:21.0.0] AndroidManifest.xml:26:13-37
172            android:theme="@android:style/Theme.Translucent.NoTitleBar" />
172-->[com.google.android.gms:play-services-auth:21.0.0] AndroidManifest.xml:27:13-72
173        <!--
174            Service handling Google Sign-In user revocation. For apps that do not integrate with
175            Google Sign-In, this service will never be started.
176        -->
177        <service
177-->[com.google.android.gms:play-services-auth:21.0.0] AndroidManifest.xml:33:9-37:51
178            android:name="com.google.android.gms.auth.api.signin.RevocationBoundService"
178-->[com.google.android.gms:play-services-auth:21.0.0] AndroidManifest.xml:34:13-89
179            android:exported="true"
179-->[com.google.android.gms:play-services-auth:21.0.0] AndroidManifest.xml:35:13-36
180            android:permission="com.google.android.gms.auth.api.signin.permission.REVOCATION_NOTIFICATION"
180-->[com.google.android.gms:play-services-auth:21.0.0] AndroidManifest.xml:36:13-107
181            android:visibleToInstantApps="true" />
181-->[com.google.android.gms:play-services-auth:21.0.0] AndroidManifest.xml:37:13-48
182
183        <activity
183-->[com.google.android.gms:play-services-base:18.5.0] AndroidManifest.xml:5:9-173
184            android:name="com.google.android.gms.common.api.GoogleApiActivity"
184-->[com.google.android.gms:play-services-base:18.5.0] AndroidManifest.xml:5:19-85
185            android:exported="false"
185-->[com.google.android.gms:play-services-base:18.5.0] AndroidManifest.xml:5:146-170
186            android:theme="@android:style/Theme.Translucent.NoTitleBar" />
186-->[com.google.android.gms:play-services-base:18.5.0] AndroidManifest.xml:5:86-145
187
188        <uses-library
188-->[androidx.window:window:1.2.0] AndroidManifest.xml:23:9-25:40
189            android:name="androidx.window.extensions"
189-->[androidx.window:window:1.2.0] AndroidManifest.xml:24:13-54
190            android:required="false" />
190-->[androidx.window:window:1.2.0] AndroidManifest.xml:25:13-37
191        <uses-library
191-->[androidx.window:window:1.2.0] AndroidManifest.xml:26:9-28:40
192            android:name="androidx.window.sidecar"
192-->[androidx.window:window:1.2.0] AndroidManifest.xml:27:13-51
193            android:required="false" />
193-->[androidx.window:window:1.2.0] AndroidManifest.xml:28:13-37
194
195        <provider
195-->[androidx.lifecycle:lifecycle-process:2.7.0] AndroidManifest.xml:24:9-32:20
196            android:name="androidx.startup.InitializationProvider"
196-->[androidx.lifecycle:lifecycle-process:2.7.0] AndroidManifest.xml:25:13-67
197            android:authorities="com.example.plaro_3.androidx-startup"
197-->[androidx.lifecycle:lifecycle-process:2.7.0] AndroidManifest.xml:26:13-68
198            android:exported="false" >
198-->[androidx.lifecycle:lifecycle-process:2.7.0] AndroidManifest.xml:27:13-37
199            <meta-data
199-->[androidx.lifecycle:lifecycle-process:2.7.0] AndroidManifest.xml:29:13-31:52
200                android:name="androidx.lifecycle.ProcessLifecycleInitializer"
200-->[androidx.lifecycle:lifecycle-process:2.7.0] AndroidManifest.xml:30:17-78
201                android:value="androidx.startup" />
201-->[androidx.lifecycle:lifecycle-process:2.7.0] AndroidManifest.xml:31:17-49
202            <meta-data
202-->[androidx.profileinstaller:profileinstaller:1.3.1] AndroidManifest.xml:29:13-31:52
203                android:name="androidx.profileinstaller.ProfileInstallerInitializer"
203-->[androidx.profileinstaller:profileinstaller:1.3.1] AndroidManifest.xml:30:17-85
204                android:value="androidx.startup" />
204-->[androidx.profileinstaller:profileinstaller:1.3.1] AndroidManifest.xml:31:17-49
205        </provider>
206
207        <receiver
207-->[androidx.profileinstaller:profileinstaller:1.3.1] AndroidManifest.xml:34:9-52:20
208            android:name="androidx.profileinstaller.ProfileInstallReceiver"
208-->[androidx.profileinstaller:profileinstaller:1.3.1] AndroidManifest.xml:35:13-76
209            android:directBootAware="false"
209-->[androidx.profileinstaller:profileinstaller:1.3.1] AndroidManifest.xml:36:13-44
210            android:enabled="true"
210-->[androidx.profileinstaller:profileinstaller:1.3.1] AndroidManifest.xml:37:13-35
211            android:exported="true"
211-->[androidx.profileinstaller:profileinstaller:1.3.1] AndroidManifest.xml:38:13-36
212            android:permission="android.permission.DUMP" >
212-->[androidx.profileinstaller:profileinstaller:1.3.1] AndroidManifest.xml:39:13-57
213            <intent-filter>
213-->[androidx.profileinstaller:profileinstaller:1.3.1] AndroidManifest.xml:40:13-42:29
214                <action android:name="androidx.profileinstaller.action.INSTALL_PROFILE" />
214-->[androidx.profileinstaller:profileinstaller:1.3.1] AndroidManifest.xml:41:17-91
214-->[androidx.profileinstaller:profileinstaller:1.3.1] AndroidManifest.xml:41:25-88
215            </intent-filter>
216            <intent-filter>
216-->[androidx.profileinstaller:profileinstaller:1.3.1] AndroidManifest.xml:43:13-45:29
217                <action android:name="androidx.profileinstaller.action.SKIP_FILE" />
217-->[androidx.profileinstaller:profileinstaller:1.3.1] AndroidManifest.xml:44:17-85
217-->[androidx.profileinstaller:profileinstaller:1.3.1] AndroidManifest.xml:44:25-82
218            </intent-filter>
219            <intent-filter>
219-->[androidx.profileinstaller:profileinstaller:1.3.1] AndroidManifest.xml:46:13-48:29
220                <action android:name="androidx.profileinstaller.action.SAVE_PROFILE" />
220-->[androidx.profileinstaller:profileinstaller:1.3.1] AndroidManifest.xml:47:17-88
220-->[androidx.profileinstaller:profileinstaller:1.3.1] AndroidManifest.xml:47:25-85
221            </intent-filter>
222            <intent-filter>
222-->[androidx.profileinstaller:profileinstaller:1.3.1] AndroidManifest.xml:49:13-51:29
223                <action android:name="androidx.profileinstaller.action.BENCHMARK_OPERATION" />
223-->[androidx.profileinstaller:profileinstaller:1.3.1] AndroidManifest.xml:50:17-95
223-->[androidx.profileinstaller:profileinstaller:1.3.1] AndroidManifest.xml:50:25-92
224            </intent-filter>
225        </receiver>
226    </application>
227
228</manifest>